<?xml version="1.0" encoding="UTF-8" standalone="no"?>
<testsuite errors="0" failures="0" name="io.cucumber.core.plugin.JUnitFormatter" skipped="0" tests="1" time="0.489">
    <testcase classname="Home Page" name="Check Previous Order Details" time="0.061">
        <system-out><![CDATA[Given a registered user exists..............................................passed
Given user is on Amazon login page..........................................passed
When user enters username...................................................passed
And user enters password....................................................passed
And user clicks on login button.............................................passed
Then user navigates to order page...........................................passed
When user clicks on Order link..............................................passed
Then user checks the previous order detials.................................passed
]]></system-out>
    </testcase>
</testsuite>
